0 info it worked if it ends with ok
1 verbose cli [ '/Users/stevenjames/.nvm/v0.10.32/bin/node',
1 verbose cli   '/Users/stevenjames/.nvm/v0.10.32/bin/npm',
1 verbose cli   'run',
1 verbose cli   'gulp' ]
2 info using npm@1.4.28
3 info using node@v0.10.32
4 verbose run-script [ 'pregulp', 'gulp', 'postgulp' ]
5 info pregulp developer.github.com@0.0.1
6 info gulp developer.github.com@0.0.1
7 verbose unsafe-perm in lifecycle true
8 info developer.github.com@0.0.1 Failed to exec gulp script
9 error developer.github.com@0.0.1 gulp: `gulp`
9 error Exit status 127
10 error Failed at the developer.github.com@0.0.1 gulp script.
10 error This is most likely a problem with the developer.github.com package,
10 error not with npm itself.
10 error Tell the author that this fails on your system:
10 error     gulp
10 error You can get their info via:
10 error     npm owner ls developer.github.com
10 error There is likely additional logging output above.
11 error System Darwin 15.0.0
12 error command "/Users/stevenjames/.nvm/v0.10.32/bin/node" "/Users/stevenjames/.nvm/v0.10.32/bin/npm" "run" "gulp"
13 error cwd /Users/stevenjames/Documents/developer.github.com
14 error node -v v0.10.32
15 error npm -v 1.4.28
16 error code ELIFECYCLE
17 verbose exit [ 1, true ]
